JYKJ-Patient/app_base/build/outputs/logs/manifest-merger-debug-report.txt
-- Merging decision tree log ---
manifest
ADDED from src\main\AndroidManifest.xml:1:1-31:12
INJECTED from src\main\AndroidManifest.xml:1:1-31:12
INJECTED from src\main\AndroidManifest.xml:1:1-31:12
INJECTED from src\main\AndroidManifest.xml:1:1-31:12
INJECTED from src\main\AndroidManifest.xml:1:1-31:12
INJECTED from src\main\AndroidManifest.xml:1:1-31:12
INJECTED from src\main\AndroidManifest.xml:1:1-31:12
	package
		ADDED from src\main\AndroidManifest.xml:2:5-41
		INJECTED from src\main\AndroidManifest.xml
		INJECTED from src\main\AndroidManifest.xml
	android:versionName
		INJECTED from src\main\AndroidManifest.xml
		ADDED from src\main\AndroidManifest.xml:1:1-31:12
		INJECTED from src\main\AndroidManifest.xml
	android:versionCode
		INJECTED from src\main\AndroidManifest.xml
		ADDED from src\main\AndroidManifest.xml:1:1-31:12
		INJECTED from src\main\AndroidManifest.xml
	xmlns:android
		ADDED from src\main\AndroidManifest.xml:1:11-69
uses-permission#android.permission.ACCESS_NETWORK_STATE
ADDED from src\main\AndroidManifest.xml:6:5-79
	android:name
		ADDED from src\main\AndroidManifest.xml:6:22-76
application
ADDED from src\main\AndroidManifest.xml:7:5-30:19
meta-data#design_width_in_dp
ADDED from src\main\AndroidManifest.xml:11:9-13:34
	android:value
		ADDED from src\main\AndroidManifest.xml:13:13-32
	android:name
		ADDED from src\main\AndroidManifest.xml:12:13-46
meta-data#design_height_in_dp
ADDED from src\main\AndroidManifest.xml:14:9-16:34
	android:value
		ADDED from src\main\AndroidManifest.xml:16:13-32
	android:name
		ADDED from src\main\AndroidManifest.xml:15:13-47
meta-data#android.max_aspect
ADDED from src\main\AndroidManifest.xml:19:9-21:35
	android:value
		ADDED from src\main\AndroidManifest.xml:21:13-32
	android:name
		ADDED from src\main\AndroidManifest.xml:20:13-46
meta-data#android.notch_support
ADDED from src\main\AndroidManifest.xml:23:9-25:36
	android:value
		ADDED from src\main\AndroidManifest.xml:25:13-33
	android:name
		ADDED from src\main\AndroidManifest.xml:24:13-49
meta-data#notch.config
ADDED from src\main\AndroidManifest.xml:27:9-29:50
	android:value
		ADDED from src\main\AndroidManifest.xml:29:13-47
	android:name
		ADDED from src\main\AndroidManifest.xml:28:13-40
uses-sdk
INJECTED from src\main\AndroidManifest.xml reason: use-sdk injection requested
INJECTED from src\main\AndroidManifest.xml
INJECTED from src\main\AndroidManifest.xml
INJECTED from src\main\AndroidManifest.xml
INJECTED from src\main\AndroidManifest.xml
	android:targetSdkVersion
		INJECTED from src\main\AndroidManifest.xml
		ADDED from src\main\AndroidManifest.xml
		INJECTED from src\main\AndroidManifest.xml
	android:minSdkVersion
		INJECTED from src\main\AndroidManifest.xml
		ADDED from src\main\AndroidManifest.xml
		INJECTED from src\main\AndroidManifest.xml